[0.155s] DEBUG:colcon:Command line arguments: ['/usr/bin/colcon', 'build']
[0.155s] DEBUG:colcon:Parsed command line arguments: Namespace(log_base=None, log_level=None, verb_name='build', build_base='build', install_base='install', merge_install=False, symlink_install=False, test_result_base=None, continue_on_error=False, executor='parallel', parallel_workers=8, event_handlers=None, ignore_user_meta=False, metas=['./colcon.meta'], base_paths=['.'], packages_ignore=None, packages_ignore_regex=None, paths=None, packages_up_to=None, packages_up_to_regex=None, packages_above=None, packages_above_and_dependencies=None, packages_above_depth=None, packages_select_by_dep=None, packages_skip_by_dep=None, packages_skip_up_to=None, packages_select_build_failed=False, packages_skip_build_finished=False, packages_select_test_failures=False, packages_skip_test_passed=False, packages_select=None, packages_skip=None, packages_select_regex=None, packages_skip_regex=None, packages_start=None, packages_end=None, allow_overriding=[], cmake_args=None, cmake_target=None, cmake_target_skip_unavailable=False, cmake_clean_cache=False, cmake_clean_first=False, cmake_force_configure=False, ament_cmake_args=None, catkin_cmake_args=None, catkin_skip_building_tests=False, verb_parser=<colcon_defaults.argument_parser.defaults.DefaultArgumentsDecorator object at 0x7ef54d5730b0>, verb_extension=<colcon_core.verb.build.BuildVerb object at 0x7ef54d572e40>, main=<bound method BuildVerb.main of <colcon_core.verb.build.BuildVerb object at 0x7ef54d572e40>>)
[0.198s] Level 1:colcon.colcon_core.package_discovery:discover_packages(colcon_meta) check parameters
[0.198s] Level 1:colcon.colcon_core.package_discovery:discover_packages(recursive) check parameters
[0.198s] Level 1:colcon.colcon_core.package_discovery:discover_packages(ignore) check parameters
[0.198s] Level 1:colcon.colcon_core.package_discovery:discover_packages(path) check parameters
[0.198s] Level 1:colcon.colcon_core.package_discovery:discover_packages(colcon_meta) discover
[0.198s] Level 1:colcon.colcon_core.package_discovery:discover_packages(recursive) discover
[0.198s] INFO:colcon.colcon_core.package_discovery:Crawling recursively for packages in '/home/mohit-devani/ros2_ws/src/so101_description'
[0.198s] Level 1:colcon.colcon_core.package_identification:_identify(.) by extensions ['ignore', 'ignore_ament_install']
[0.198s] Level 1:colcon.colcon_core.package_identification:_identify(.) by extension 'ignore'
[0.199s] Level 1:colcon.colcon_core.package_identification:_identify(.) by extension 'ignore_ament_install'
[0.199s] Level 1:colcon.colcon_core.package_identification:_identify(.) by extensions ['colcon_pkg']
[0.199s] Level 1:colcon.colcon_core.package_identification:_identify(.) by extension 'colcon_pkg'
[0.199s] Level 1:colcon.colcon_core.package_identification:_identify(.) by extensions ['colcon_meta']
[0.199s] Level 1:colcon.colcon_core.package_identification:_identify(.) by extension 'colcon_meta'
[0.199s] Level 1:colcon.colcon_core.package_identification:_identify(.) by extensions ['ros']
[0.199s] Level 1:colcon.colcon_core.package_identification:_identify(.) by extension 'ros'
[0.230s] DEBUG:colcon.colcon_core.package_identification:Package '.' with type 'ros.ament_python' and name 'so101_description'
[0.231s] Level 1:colcon.colcon_core.package_discovery:discover_packages(recursive) using defaults
[0.231s] Level 1:colcon.colcon_core.package_discovery:discover_packages(ignore) discover
[0.231s] Level 1:colcon.colcon_core.package_discovery:discover_packages(ignore) using defaults
[0.231s] Level 1:colcon.colcon_core.package_discovery:discover_packages(path) discover
[0.231s] Level 1:colcon.colcon_core.package_discovery:discover_packages(path) using defaults
[0.252s] Level 1:colcon.colcon_core.package_discovery:discover_packages(prefix_path) check parameters
[0.252s] Level 1:colcon.colcon_core.package_discovery:discover_packages(prefix_path) discover
[0.255s] DEBUG:colcon.colcon_installed_package_information.package_discovery:Found 1 installed packages in /home/mohit-devani/ros2_ws/install
[0.258s] DEBUG:colcon.colcon_installed_package_information.package_discovery:Found 536 installed packages in /opt/ros/jazzy
[0.260s] Level 1:colcon.colcon_core.package_discovery:discover_packages(prefix_path) using defaults
[0.338s] Level 5:colcon.colcon_core.verb:set package 'so101_description' build argument 'cmake_args' from command line to 'None'
[0.338s] Level 5:colcon.colcon_core.verb:set package 'so101_description' build argument 'cmake_target' from command line to 'None'
[0.338s] Level 5:colcon.colcon_core.verb:set package 'so101_description' build argument 'cmake_target_skip_unavailable' from command line to 'False'
[0.338s] Level 5:colcon.colcon_core.verb:set package 'so101_description' build argument 'cmake_clean_cache' from command line to 'False'
[0.338s] Level 5:colcon.colcon_core.verb:set package 'so101_description' build argument 'cmake_clean_first' from command line to 'False'
[0.338s] Level 5:colcon.colcon_core.verb:set package 'so101_description' build argument 'cmake_force_configure' from command line to 'False'
[0.338s] Level 5:colcon.colcon_core.verb:set package 'so101_description' build argument 'ament_cmake_args' from command line to 'None'
[0.338s] Level 5:colcon.colcon_core.verb:set package 'so101_description' build argument 'catkin_cmake_args' from command line to 'None'
[0.338s] Level 5:colcon.colcon_core.verb:set package 'so101_description' build argument 'catkin_skip_building_tests' from command line to 'False'
[0.338s] DEBUG:colcon.colcon_core.verb:Building package 'so101_description' with the following arguments: {'ament_cmake_args': None, 'build_base': '/home/mohit-devani/ros2_ws/src/so101_description/build/so101_description', 'catkin_cmake_args': None, 'catkin_skip_building_tests': False, 'cmake_args': None, 'cmake_clean_cache': False, 'cmake_clean_first': False, 'cmake_force_configure': False, 'cmake_target': None, 'cmake_target_skip_unavailable': False, 'install_base': '/home/mohit-devani/ros2_ws/src/so101_description/install/so101_description', 'merge_install': False, 'path': '/home/mohit-devani/ros2_ws/src/so101_description', 'symlink_install': False, 'test_result_base': None}
[0.338s] INFO:colcon.colcon_core.executor:Executing jobs using 'parallel' executor
[0.339s] DEBUG:colcon.colcon_parallel_executor.executor.parallel:run_until_complete
[0.340s] INFO:colcon.colcon_ros.task.ament_python.build:Building ROS package in '/home/mohit-devani/ros2_ws/src/so101_description' with build type 'ament_python'
[0.340s] Level 1:colcon.colcon_core.shell:create_environment_hook('so101_description', 'ament_prefix_path')
[0.342s] INFO:colcon.colcon_core.plugin_system:Skipping extension 'colcon_core.shell.bat': Not used on non-Windows systems
[0.342s] INFO:colcon.colcon_core.shell:Creating environment hook '/home/mohit-devani/ros2_ws/src/so101_description/install/so101_description/share/so101_description/hook/ament_prefix_path.ps1'
[0.344s] INFO:colcon.colcon_core.shell:Creating environment descriptor '/home/mohit-devani/ros2_ws/src/so101_description/install/so101_description/share/so101_description/hook/ament_prefix_path.dsv'
[0.345s] INFO:colcon.colcon_core.shell:Creating environment hook '/home/mohit-devani/ros2_ws/src/so101_description/install/so101_description/share/so101_description/hook/ament_prefix_path.sh'
[0.346s] INFO:colcon.colcon_core.shell:Skip shell extension 'powershell' for command environment: Not usable outside of PowerShell
[0.346s] DEBUG:colcon.colcon_core.shell:Skip shell extension 'dsv' for command environment
[0.659s] INFO:colcon.colcon_core.task.python.build:Building Python package in '/home/mohit-devani/ros2_ws/src/so101_description'
[0.659s] INFO:colcon.colcon_core.shell:Skip shell extension 'powershell' for command environment: Not usable outside of PowerShell
[0.659s] DEBUG:colcon.colcon_core.shell:Skip shell extension 'dsv' for command environment
[1.553s] DEBUG:colcon.colcon_core.event_handler.log_command:Invoking command in '/home/mohit-devani/ros2_ws/src/so101_description': DEBUGINFOD_URLS=https://debuginfod.ubuntu.com PYTHONPATH=/home/mohit-devani/ros2_ws/src/so101_description/build/so101_description/prefix_override:/usr/lib/python3/dist-packages/colcon_core/task/python/colcon_distutils_commands:/home/mohit-devani/ros2_ws/src/so101_description/install/so101_description/lib/python3.12/site-packages:${PYTHONPATH} /usr/bin/python3 -W ignore:setup.py install is deprecated -W ignore:easy_install command is deprecated setup.py egg_info --egg-base build/so101_description build --build-base /home/mohit-devani/ros2_ws/src/so101_description/build/so101_description/build install --record /home/mohit-devani/ros2_ws/src/so101_description/build/so101_description/install.log --single-version-externally-managed install_data
[2.285s] DEBUG:colcon.colcon_core.event_handler.log_command:Invoked command in '/home/mohit-devani/ros2_ws/src/so101_description' returned '0': DEBUGINFOD_URLS=https://debuginfod.ubuntu.com PYTHONPATH=/home/mohit-devani/ros2_ws/src/so101_description/build/so101_description/prefix_override:/usr/lib/python3/dist-packages/colcon_core/task/python/colcon_distutils_commands:/home/mohit-devani/ros2_ws/src/so101_description/install/so101_description/lib/python3.12/site-packages:${PYTHONPATH} /usr/bin/python3 -W ignore:setup.py install is deprecated -W ignore:easy_install command is deprecated setup.py egg_info --egg-base build/so101_description build --build-base /home/mohit-devani/ros2_ws/src/so101_description/build/so101_description/build install --record /home/mohit-devani/ros2_ws/src/so101_description/build/so101_description/install.log --single-version-externally-managed install_data
[2.287s] Level 1:colcon.colcon_core.environment:checking '/home/mohit-devani/ros2_ws/src/so101_description/install/so101_description' for CMake module files
[2.287s] Level 1:colcon.colcon_core.environment:checking '/home/mohit-devani/ros2_ws/src/so101_description/install/so101_description' for CMake config files
[2.288s] Level 1:colcon.colcon_core.environment:checking '/home/mohit-devani/ros2_ws/src/so101_description/install/so101_description/lib'
[2.288s] Level 1:colcon.colcon_core.environment:checking '/home/mohit-devani/ros2_ws/src/so101_description/install/so101_description/bin'
[2.288s] Level 1:colcon.colcon_core.environment:checking '/home/mohit-devani/ros2_ws/src/so101_description/install/so101_description/lib/pkgconfig/so101_description.pc'
[2.289s] Level 1:colcon.colcon_core.environment:checking '/home/mohit-devani/ros2_ws/src/so101_description/install/so101_description/lib/python3.12/site-packages'
[2.289s] Level 1:colcon.colcon_core.shell:create_environment_hook('so101_description', 'pythonpath')
[2.289s] INFO:colcon.colcon_core.shell:Creating environment hook '/home/mohit-devani/ros2_ws/src/so101_description/install/so101_description/share/so101_description/hook/pythonpath.ps1'
[2.289s] INFO:colcon.colcon_core.shell:Creating environment descriptor '/home/mohit-devani/ros2_ws/src/so101_description/install/so101_description/share/so101_description/hook/pythonpath.dsv'
[2.290s] INFO:colcon.colcon_core.shell:Creating environment hook '/home/mohit-devani/ros2_ws/src/so101_description/install/so101_description/share/so101_description/hook/pythonpath.sh'
[2.291s] Level 1:colcon.colcon_core.environment:checking '/home/mohit-devani/ros2_ws/src/so101_description/install/so101_description/bin'
[2.291s] Level 1:colcon.colcon_core.environment:create_environment_scripts_only(so101_description)
[2.291s] INFO:colcon.colcon_core.shell:Creating package script '/home/mohit-devani/ros2_ws/src/so101_description/install/so101_description/share/so101_description/package.ps1'
[2.292s] INFO:colcon.colcon_core.shell:Creating package descriptor '/home/mohit-devani/ros2_ws/src/so101_description/install/so101_description/share/so101_description/package.dsv'
[2.293s] INFO:colcon.colcon_core.shell:Creating package script '/home/mohit-devani/ros2_ws/src/so101_description/install/so101_description/share/so101_description/package.sh'
[2.293s] INFO:colcon.colcon_core.shell:Creating package script '/home/mohit-devani/ros2_ws/src/so101_description/install/so101_description/share/so101_description/package.bash'
[2.294s] INFO:colcon.colcon_core.shell:Creating package script '/home/mohit-devani/ros2_ws/src/so101_description/install/so101_description/share/so101_description/package.zsh'
[2.295s] Level 1:colcon.colcon_core.environment:create_file_with_runtime_dependencies(/home/mohit-devani/ros2_ws/src/so101_description/install/so101_description/share/colcon-core/packages/so101_description)
[2.295s] DEBUG:colcon.colcon_parallel_executor.executor.parallel:closing loop
[2.295s] DEBUG:colcon.colcon_parallel_executor.executor.parallel:loop closed
[2.295s] DEBUG:colcon.colcon_parallel_executor.executor.parallel:run_until_complete finished with '0'
[2.295s] DEBUG:colcon.colcon_core.event_reactor:joining thread
[2.301s] INFO:colcon.colcon_core.plugin_system:Skipping extension 'colcon_notification.desktop_notification.terminal_notifier': Not used on non-Darwin systems
[2.302s] INFO:colcon.colcon_core.plugin_system:Skipping extension 'colcon_notification.desktop_notification.win32': Not used on non-Windows systems
[2.302s] INFO:colcon.colcon_notification.desktop_notification:Sending desktop notification using 'notify2'
[2.318s] DEBUG:colcon.colcon_core.event_reactor:joined thread
[2.319s] INFO:colcon.colcon_core.shell:Creating prefix script '/home/mohit-devani/ros2_ws/src/so101_description/install/local_setup.ps1'
[2.320s] INFO:colcon.colcon_core.shell:Creating prefix util module '/home/mohit-devani/ros2_ws/src/so101_description/install/_local_setup_util_ps1.py'
[2.322s] INFO:colcon.colcon_core.shell:Creating prefix chain script '/home/mohit-devani/ros2_ws/src/so101_description/install/setup.ps1'
[2.325s] INFO:colcon.colcon_core.shell:Creating prefix script '/home/mohit-devani/ros2_ws/src/so101_description/install/local_setup.sh'
[2.326s] INFO:colcon.colcon_core.shell:Creating prefix util module '/home/mohit-devani/ros2_ws/src/so101_description/install/_local_setup_util_sh.py'
[2.327s] INFO:colcon.colcon_core.shell:Creating prefix chain script '/home/mohit-devani/ros2_ws/src/so101_description/install/setup.sh'
[2.328s] INFO:colcon.colcon_core.shell:Creating prefix script '/home/mohit-devani/ros2_ws/src/so101_description/install/local_setup.bash'
[2.329s] INFO:colcon.colcon_core.shell:Creating prefix chain script '/home/mohit-devani/ros2_ws/src/so101_description/install/setup.bash'
[2.330s] INFO:colcon.colcon_core.shell:Creating prefix script '/home/mohit-devani/ros2_ws/src/so101_description/install/local_setup.zsh'
[2.331s] INFO:colcon.colcon_core.shell:Creating prefix chain script '/home/mohit-devani/ros2_ws/src/so101_description/install/setup.zsh'
