/home/mohit-devani/ros2_ws/src/so101_description/install/so101_description/lib/python3.12/site-packages/so101_description/__init__.py
/home/mohit-devani/ros2_ws/src/so101_description/install/so101_description/lib/python3.12/site-packages/so101_description/__pycache__/__init__.cpython-312.pyc
/home/mohit-devani/ros2_ws/src/so101_description/install/so101_description/share/ament_index/resource_index/packages/so101_description
/home/mohit-devani/ros2_ws/src/so101_description/install/so101_description/share/so101_description/package.xml
/home/mohit-devani/ros2_ws/src/so101_description/install/so101_description/share/so101_description/launch/display.launch.py
/home/mohit-devani/ros2_ws/src/so101_description/install/so101_description/share/so101_description/urdf/so101_new_calib.urdf
/home/mohit-devani/ros2_ws/src/so101_description/install/so101_description/share/so101_description/meshes/under_arm_so101_v1.stl
/home/mohit-devani/ros2_ws/src/so101_description/install/so101_description/share/so101_description/meshes/motor_holder_so101_wrist_v1.stl
/home/mohit-devani/ros2_ws/src/so101_description/install/so101_description/share/so101_description/meshes/waveshare_mounting_plate_so101_v2.stl
/home/mohit-devani/ros2_ws/src/so101_description/install/so101_description/share/so101_description/meshes/base_motor_holder_so101_v1.stl
/home/mohit-devani/ros2_ws/src/so101_description/install/so101_description/share/so101_description/meshes/upper_arm_so101_v1.stl
/home/mohit-devani/ros2_ws/src/so101_description/install/so101_description/share/so101_description/meshes/wrist_roll_follower_so101_v1.stl
/home/mohit-devani/ros2_ws/src/so101_description/install/so101_description/share/so101_description/meshes/moving_jaw_so101_v1.stl
/home/mohit-devani/ros2_ws/src/so101_description/install/so101_description/share/so101_description/meshes/sts3215_03a_no_horn_v1.stl
/home/mohit-devani/ros2_ws/src/so101_description/install/so101_description/share/so101_description/meshes/base_so101_v2.stl
/home/mohit-devani/ros2_ws/src/so101_description/install/so101_description/share/so101_description/meshes/motor_holder_so101_base_v1.stl
/home/mohit-devani/ros2_ws/src/so101_description/install/so101_description/share/so101_description/meshes/rotation_pitch_so101_v1.stl
/home/mohit-devani/ros2_ws/src/so101_description/install/so101_description/share/so101_description/meshes/sts3215_03a_v1.stl
/home/mohit-devani/ros2_ws/src/so101_description/install/so101_description/share/so101_description/meshes/wrist_roll_pitch_so101_v2.stl
/home/mohit-devani/ros2_ws/src/so101_description/install/so101_description/lib/python3.12/site-packages/so101_description-0.0.0-py3.12.egg-info/SOURCES.txt
/home/mohit-devani/ros2_ws/src/so101_description/install/so101_description/lib/python3.12/site-packages/so101_description-0.0.0-py3.12.egg-info/zip-safe
/home/mohit-devani/ros2_ws/src/so101_description/install/so101_description/lib/python3.12/site-packages/so101_description-0.0.0-py3.12.egg-info/requires.txt
/home/mohit-devani/ros2_ws/src/so101_description/install/so101_description/lib/python3.12/site-packages/so101_description-0.0.0-py3.12.egg-info/top_level.txt
/home/mohit-devani/ros2_ws/src/so101_description/install/so101_description/lib/python3.12/site-packages/so101_description-0.0.0-py3.12.egg-info/dependency_links.txt
/home/mohit-devani/ros2_ws/src/so101_description/install/so101_description/lib/python3.12/site-packages/so101_description-0.0.0-py3.12.egg-info/PKG-INFO
