running egg_info
creating build/so101_description/so101_description.egg-info
writing build/so101_description/so101_description.egg-info/PKG-INFO
writing dependency_links to build/so101_description/so101_description.egg-info/dependency_links.txt
writing requirements to build/so101_description/so101_description.egg-info/requires.txt
writing top-level names to build/so101_description/so101_description.egg-info/top_level.txt
writing manifest file 'build/so101_description/so101_description.egg-info/SOURCES.txt'
reading manifest file 'build/so101_description/so101_description.egg-info/SOURCES.txt'
writing manifest file 'build/so101_description/so101_description.egg-info/SOURCES.txt'
running build
running build_py
creating /home/mohit-devani/ros2_ws/src/so101_description/build/so101_description/build
creating /home/mohit-devani/ros2_ws/src/so101_description/build/so101_description/build/lib
creating /home/mohit-devani/ros2_ws/src/so101_description/build/so101_description/build/lib/so101_description
copying so101_description/__init__.py -> /home/mohit-devani/ros2_ws/src/so101_description/build/so101_description/build/lib/so101_description
running install
running install_lib
creating /home/mohit-devani/ros2_ws/src/so101_description/install/so101_description/lib/python3.12/site-packages/so101_description
copying /home/mohit-devani/ros2_ws/src/so101_description/build/so101_description/build/lib/so101_description/__init__.py -> /home/mohit-devani/ros2_ws/src/so101_description/install/so101_description/lib/python3.12/site-packages/so101_description
byte-compiling /home/mohit-devani/ros2_ws/src/so101_description/install/so101_description/lib/python3.12/site-packages/so101_description/__init__.py to __init__.cpython-312.pyc
running install_data
creating /home/mohit-devani/ros2_ws/src/so101_description/install/so101_description/share/ament_index
creating /home/mohit-devani/ros2_ws/src/so101_description/install/so101_description/share/ament_index/resource_index
creating /home/mohit-devani/ros2_ws/src/so101_description/install/so101_description/share/ament_index/resource_index/packages
copying resource/so101_description -> /home/mohit-devani/ros2_ws/src/so101_description/install/so101_description/share/ament_index/resource_index/packages
copying package.xml -> /home/mohit-devani/ros2_ws/src/so101_description/install/so101_description/share/so101_description
creating /home/mohit-devani/ros2_ws/src/so101_description/install/so101_description/share/so101_description/launch
copying launch/display.launch.py -> /home/mohit-devani/ros2_ws/src/so101_description/install/so101_description/share/so101_description/launch
creating /home/mohit-devani/ros2_ws/src/so101_description/install/so101_description/share/so101_description/urdf
copying urdf/so101_new_calib.urdf -> /home/mohit-devani/ros2_ws/src/so101_description/install/so101_description/share/so101_description/urdf
creating /home/mohit-devani/ros2_ws/src/so101_description/install/so101_description/share/so101_description/meshes
copying meshes/under_arm_so101_v1.stl -> /home/mohit-devani/ros2_ws/src/so101_description/install/so101_description/share/so101_description/meshes
copying meshes/motor_holder_so101_wrist_v1.stl -> /home/mohit-devani/ros2_ws/src/so101_description/install/so101_description/share/so101_description/meshes
copying meshes/waveshare_mounting_plate_so101_v2.stl -> /home/mohit-devani/ros2_ws/src/so101_description/install/so101_description/share/so101_description/meshes
copying meshes/base_motor_holder_so101_v1.stl -> /home/mohit-devani/ros2_ws/src/so101_description/install/so101_description/share/so101_description/meshes
copying meshes/upper_arm_so101_v1.stl -> /home/mohit-devani/ros2_ws/src/so101_description/install/so101_description/share/so101_description/meshes
copying meshes/wrist_roll_follower_so101_v1.stl -> /home/mohit-devani/ros2_ws/src/so101_description/install/so101_description/share/so101_description/meshes
copying meshes/moving_jaw_so101_v1.stl -> /home/mohit-devani/ros2_ws/src/so101_description/install/so101_description/share/so101_description/meshes
copying meshes/sts3215_03a_no_horn_v1.stl -> /home/mohit-devani/ros2_ws/src/so101_description/install/so101_description/share/so101_description/meshes
copying meshes/base_so101_v2.stl -> /home/mohit-devani/ros2_ws/src/so101_description/install/so101_description/share/so101_description/meshes
copying meshes/motor_holder_so101_base_v1.stl -> /home/mohit-devani/ros2_ws/src/so101_description/install/so101_description/share/so101_description/meshes
copying meshes/rotation_pitch_so101_v1.stl -> /home/mohit-devani/ros2_ws/src/so101_description/install/so101_description/share/so101_description/meshes
copying meshes/sts3215_03a_v1.stl -> /home/mohit-devani/ros2_ws/src/so101_description/install/so101_description/share/so101_description/meshes
copying meshes/wrist_roll_pitch_so101_v2.stl -> /home/mohit-devani/ros2_ws/src/so101_description/install/so101_description/share/so101_description/meshes
running install_egg_info
Copying build/so101_description/so101_description.egg-info to /home/mohit-devani/ros2_ws/src/so101_description/install/so101_description/lib/python3.12/site-packages/so101_description-0.0.0-py3.12.egg-info
running install_scripts
writing list of installed files to '/home/mohit-devani/ros2_ws/src/so101_description/build/so101_description/install.log'
